<?xml version="1.0" encoding="UTF-8"?>
<!-- Generated by org.testng.reporters.JUnitReportReporter -->
<testsuite hostname="IBM-159MB54" failures="0" tests="2" name="com.ebay.pom.tests.SearchTest" time="17.022" errors="0" timestamp="2025-03-18T18:35:27 IST" skipped="0">
  <testcase classname="com.ebay.pom.tests.SearchTest" name="testSearchProduct" time="6.911"/>
  <testcase classname="com.ebay.pom.tests.SearchTest" name="testAddToCart" time="10.111"/>
</testsuite> <!-- com.ebay.pom.tests.SearchTest -->
