<?xml version="1.0" encoding="UTF-8"?>
<!-- Generated by org.testng.reporters.JUnitReportReporter -->
<testsuite hostname="IBM-159MB54" failures="0" tests="2" name="com.ebay.pom.tests.SearchTest" time="24.679" errors="0" timestamp="2025-03-19T10:19:17 IST" skipped="0">
  <testcase classname="com.ebay.pom.tests.SearchTest" name="testSearchProduct" time="11.010"/>
  <testcase classname="com.ebay.pom.tests.SearchTest" name="testAddToCart" time="13.669"/>
</testsuite> <!-- com.ebay.pom.tests.SearchTest -->
