<?xml version="1.0" encoding="UTF-8"?>
<!-- Generated by org.testng.reporters.JUnitReportReporter -->
<testsuite hostname="IBM-159MB54" failures="0" tests="1" name="com.ebay.pom.tests.RegistrationTest" time="19.642" errors="0" timestamp="2025-03-14T12:08:32 IST" skipped="0">
  <testcase classname="com.ebay.pom.tests.RegistrationTest" name="testUserRegistration" time="19.642"/>
</testsuite> <!-- com.ebay.pom.tests.RegistrationTest -->
