<?xml version="1.0" encoding="UTF-8"?>
<!-- Generated by org.testng.reporters.JUnitReportReporter -->
<testsuite hostname="IBM-159MB54" failures="0" tests="1" name="com.ebay.pom.tests.LoginTest" time="8.834" errors="0" timestamp="2025-03-19T16:32:52 IST" skipped="0">
  <testcase classname="com.ebay.pom.tests.LoginTest" name="testLogin" time="8.834"/>
</testsuite> <!-- com.ebay.pom.tests.LoginTest -->
