<?xml version="1.0" encoding="UTF-8"?>
<!-- Generated by org.testng.reporters.JUnitReportReporter -->
<testsuite hostname="IBM-159MB54" failures="0" tests="1" name="com.ebay.pom.tests.LoginTest" time="12.313" errors="0" timestamp="2025-03-20T10:18:29 IST" skipped="0">
  <testcase classname="com.ebay.pom.tests.LoginTest" name="testLogin" time="12.313"/>
</testsuite> <!-- com.ebay.pom.tests.LoginTest -->
