<?xml version="1.0" encoding="UTF-8"?>
<!-- Generated by org.testng.reporters.JUnitReportReporter -->
<testsuite hostname="IBM-159MB54" failures="0" tests="2" name="com.ebay.pom.tests.SearchTest" time="21.289" errors="0" timestamp="2025-03-18T16:30:31 IST" skipped="0">
  <testcase classname="com.ebay.pom.tests.SearchTest" name="testSearchProduct" time="7.686"/>
  <testcase classname="com.ebay.pom.tests.SearchTest" name="testAddToCart" time="13.603"/>
</testsuite> <!-- com.ebay.pom.tests.SearchTest -->
