<?xml version="1.0" encoding="UTF-8"?>
<!-- Generated by org.testng.reporters.JUnitReportReporter -->
<testsuite hostname="IBM-GY8MB54" failures="0" tests="1" name="com.ebay.pom.tests.LoginTest" time="5.631" errors="0" timestamp="2025-03-17T17:03:52 IST" skipped="0">
  <testcase classname="com.ebay.pom.tests.LoginTest" name="testLogin" time="5.631"/>
</testsuite> <!-- com.ebay.pom.tests.LoginTest -->
