<?xml version="1.0" encoding="UTF-8"?>
<!-- Generated by org.testng.reporters.JUnitReportReporter -->
<testsuite hostname="IBM-GY8MB54" failures="0" tests="1" name="com.ebay.pom.tests.RegistrationTest" time="31.935" errors="0" timestamp="2025-03-17T09:49:19 IST" skipped="0">
  <testcase classname="com.ebay.pom.tests.RegistrationTest" name="testUserRegistration" time="31.935"/>
</testsuite> <!-- com.ebay.pom.tests.RegistrationTest -->
